0 info it worked if it ends with ok
1 verbose cli [ 'node', '/usr/local/bin/npm', 'i', 'babel', 'babel-gulp' ]
2 info using npm@2.12.1
3 info using node@v0.12.7
4 verbose node symlink /usr/local/bin/node
5 verbose install initial load of /Users/kasi/DevLeague/misc/auto-company/package.json
6 verbose readDependencies loading dependencies from /Users/kasi/DevLeague/misc/auto-company/package.json
7 silly cache add args [ 'babel', null ]
8 verbose cache add spec babel
9 silly cache add args [ 'babel-gulp', null ]
10 verbose cache add spec babel-gulp
11 silly cache add parsed spec { raw: 'babel',
11 silly cache add   scope: null,
11 silly cache add   name: 'babel',
11 silly cache add   rawSpec: '',
11 silly cache add   spec: '*',
11 silly cache add   type: 'range' }
12 silly addNamed babel@*
13 verbose addNamed "*" is a valid semver range for babel
14 silly addNameRange { name: 'babel', range: '*', hasData: false }
15 silly mapToRegistry name babel
16 silly mapToRegistry using default registry
17 silly mapToRegistry registry https://registry.npmjs.org/
18 silly mapToRegistry uri https://registry.npmjs.org/babel
19 verbose addNameRange registry:https://registry.npmjs.org/babel not in flight; fetching
20 silly cache add parsed spec { raw: 'babel-gulp',
20 silly cache add   scope: null,
20 silly cache add   name: 'babel-gulp',
20 silly cache add   rawSpec: '',
20 silly cache add   spec: '*',
20 silly cache add   type: 'range' }
21 silly addNamed babel-gulp@*
22 verbose addNamed "*" is a valid semver range for babel-gulp
23 silly addNameRange { name: 'babel-gulp', range: '*', hasData: false }
24 silly mapToRegistry name babel-gulp
25 silly mapToRegistry using default registry
26 silly mapToRegistry registry https://registry.npmjs.org/
27 silly mapToRegistry uri https://registry.npmjs.org/babel-gulp
28 verbose addNameRange registry:https://registry.npmjs.org/babel-gulp not in flight; fetching
29 verbose request uri https://registry.npmjs.org/babel-gulp
30 verbose request no auth needed
31 info attempt registry request try #1 at 16:34:56
32 verbose request id 36f7ab4059077ef4
33 http request GET https://registry.npmjs.org/babel-gulp
34 verbose request uri https://registry.npmjs.org/babel
35 verbose request no auth needed
36 info attempt registry request try #1 at 16:34:56
37 verbose etag "3M9O7KMEXIUVF38R6NE0EBZXI"
38 http request GET https://registry.npmjs.org/babel
39 http 404 https://registry.npmjs.org/babel-gulp
40 verbose headers { 'content-type': 'application/json',
40 verbose headers   'cache-control': 'max-age=0',
40 verbose headers   'content-length': '2',
40 verbose headers   'accept-ranges': 'bytes',
40 verbose headers   date: 'Thu, 10 Sep 2015 02:34:57 GMT',
40 verbose headers   via: '1.1 varnish',
40 verbose headers   age: '0',
40 verbose headers   connection: 'keep-alive',
40 verbose headers   'x-served-by': 'cache-dfw1827-DFW',
40 verbose headers   'x-cache': 'MISS',
40 verbose headers   'x-cache-hits': '0',
40 verbose headers   'x-timer': 'S1441852496.986426,VS0,VE277' }
41 silly get cb [ 404,
41 silly get   { 'content-type': 'application/json',
41 silly get     'cache-control': 'max-age=0',
41 silly get     'content-length': '2',
41 silly get     'accept-ranges': 'bytes',
41 silly get     date: 'Thu, 10 Sep 2015 02:34:57 GMT',
41 silly get     via: '1.1 varnish',
41 silly get     age: '0',
41 silly get     connection: 'keep-alive',
41 silly get     'x-served-by': 'cache-dfw1827-DFW',
41 silly get     'x-cache': 'MISS',
41 silly get     'x-cache-hits': '0',
41 silly get     'x-timer': 'S1441852496.986426,VS0,VE277' } ]
42 http 200 https://registry.npmjs.org/babel
43 silly get cb [ 200,
43 silly get   { server: 'CouchDB/1.5.0 (Erlang OTP/R16B03)',
43 silly get     etag: '"2RXYP74W6N3N4JMKOF9NUXWV5"',
43 silly get     'content-type': 'application/json',
43 silly get     'cache-control': 'max-age=60',
43 silly get     'content-length': '209596',
43 silly get     'accept-ranges': 'bytes',
43 silly get     date: 'Thu, 10 Sep 2015 02:34:57 GMT',
43 silly get     via: '1.1 varnish',
43 silly get     age: '0',
43 silly get     connection: 'keep-alive',
43 silly get     'x-served-by': 'cache-dfw1825-DFW',
43 silly get     'x-cache': 'HIT',
43 silly get     'x-cache-hits': '1',
43 silly get     'x-timer': 'S1441852496.988498,VS0,VE273',
43 silly get     vary: 'Accept' } ]
44 verbose get saving babel to /Users/kasi/.npm/registry.npmjs.org/babel/.cache.json
45 silly addNameRange number 2 { name: 'babel', range: '*', hasData: true }
46 silly addNameRange versions [ 'babel',
46 silly addNameRange   [ '0.0.1',
46 silly addNameRange     '4.0.1',
46 silly addNameRange     '4.0.2',
46 silly addNameRange     '4.1.1',
46 silly addNameRange     '4.2.0',
46 silly addNameRange     '4.2.1',
46 silly addNameRange     '4.3.0',
46 silly addNameRange     '4.4.1',
46 silly addNameRange     '4.4.2',
46 silly addNameRange     '4.4.3',
46 silly addNameRange     '4.4.4',
46 silly addNameRange     '4.4.5',
46 silly addNameRange     '4.4.6',
46 silly addNameRange     '4.5.0',
46 silly addNameRange     '4.5.1',
46 silly addNameRange     '4.5.2',
46 silly addNameRange     '4.5.3',
46 silly addNameRange     '4.5.4',
46 silly addNameRange     '4.5.5',
46 silly addNameRange     '4.6.0',
46 silly addNameRange     '4.6.1',
46 silly addNameRange     '4.6.3',
46 silly addNameRange     '4.6.4',
46 silly addNameRange     '4.6.5',
46 silly addNameRange     '4.6.6',
46 silly addNameRange     '4.7.0',
46 silly addNameRange     '4.7.1',
46 silly addNameRange     '4.7.2',
46 silly addNameRange     '4.7.3',
46 silly addNameRange     '4.7.4',
46 silly addNameRange     '4.7.5',
46 silly addNameRange     '4.7.6',
46 silly addNameRange     '4.7.7',
46 silly addNameRange     '4.7.8',
46 silly addNameRange     '4.7.9',
46 silly addNameRange     '4.7.10',
46 silly addNameRange     '4.7.11',
46 silly addNameRange     '4.7.12',
46 silly addNameRange     '4.7.13',
46 silly addNameRange     '4.7.14',
46 silly addNameRange     '4.7.15',
46 silly addNameRange     '4.7.16',
46 silly addNameRange     '5.0.0-beta2',
46 silly addNameRange     '5.0.0-beta3',
46 silly addNameRange     '5.0.0-beta4',
46 silly addNameRange     '5.0.0',
46 silly addNameRange     '5.0.1',
46 silly addNameRange     '5.0.2',
46 silly addNameRange     '5.0.3',
46 silly addNameRange     '5.0.4',
46 silly addNameRange     '5.0.5',
46 silly addNameRange     '5.0.6',
46 silly addNameRange     '5.0.7',
46 silly addNameRange     '5.0.8',
46 silly addNameRange     '5.0.9',
46 silly addNameRange     '5.0.10',
46 silly addNameRange     '5.0.11',
46 silly addNameRange     '5.0.12',
46 silly addNameRange     '5.0.13',
46 silly addNameRange     '5.1.0',
46 silly addNameRange     '5.1.1',
46 silly addNameRange     '5.1.2',
46 silly addNameRange     '5.1.3',
46 silly addNameRange     '5.1.4',
46 silly addNameRange     '5.1.5',
46 silly addNameRange     '5.1.6',
46 silly addNameRange     '5.1.7',
46 silly addNameRange     '5.1.8',
46 silly addNameRange     '5.1.9',
46 silly addNameRange     '5.1.10',
46 silly addNameRange     '5.1.11',
46 silly addNameRange     '5.1.12',
46 silly addNameRange     '5.1.13',
46 silly addNameRange     '5.2.0',
46 silly addNameRange     '5.2.1',
46 silly addNameRange     '5.2.2',
46 silly addNameRange     '5.2.3',
46 silly addNameRange     '5.2.4',
46 silly addNameRange     '5.2.5',
46 silly addNameRange     '5.2.6',
46 silly addNameRange     '5.2.7',
46 silly addNameRange     '5.2.9',
46 silly addNameRange     '5.2.10',
46 silly addNameRange     '5.2.11',
46 silly addNameRange     '5.2.12',
46 silly addNameRange     '5.2.13',
46 silly addNameRange     '5.2.14',
46 silly addNameRange     '5.2.15',
46 silly addNameRange     '5.2.16',
46 silly addNameRange     '5.2.17',
46 silly addNameRange     '5.3.0',
46 silly addNameRange     '5.3.1',
46 silly addNameRange     '5.3.2',
46 silly addNameRange     '5.3.3',
46 silly addNameRange     '5.4.0',
46 silly addNameRange     '5.4.1',
46 silly addNameRange     '5.4.2',
46 silly addNameRange     '5.4.3',
46 silly addNameRange     '5.4.4',
46 silly addNameRange     '5.4.5',
46 silly addNameRange     '5.4.6',
46 silly addNameRange     '5.4.7',
46 silly addNameRange     '5.5.0',
46 silly addNameRange     '5.5.1',
46 silly addNameRange     '5.5.2',
46 silly addNameRange     '5.5.3',
46 silly addNameRange     '5.5.4',
46 silly addNameRange     '5.5.5',
46 silly addNameRange     '5.5.6',
46 silly addNameRange     '5.5.7',
46 silly addNameRange     '5.5.8',
46 silly addNameRange     '5.6.1',
46 silly addNameRange     '5.6.2',
46 silly addNameRange     '5.6.3',
46 silly addNameRange     '5.6.4',
46 silly addNameRange     '5.6.5',
46 silly addNameRange     '5.6.6',
46 silly addNameRange     '5.6.7',
46 silly addNameRange     '5.6.10',
46 silly addNameRange     '5.6.11',
46 silly addNameRange     '5.6.12',
46 silly addNameRange     '5.6.14',
46 silly addNameRange     '5.6.23',
46 silly addNameRange     '5.8.2',
46 silly addNameRange     '5.8.3',
46 silly addNameRange     '5.8.5',
46 silly addNameRange     '5.8.6',
46 silly addNameRange     '5.8.8',
46 silly addNameRange     '5.8.9',
46 silly addNameRange     '5.8.12',
46 silly addNameRange     '5.8.19',
46 silly addNameRange     '5.8.20',
46 silly addNameRange     '5.8.21',
46 silly addNameRange     '5.8.23' ] ]
47 silly addNamed babel@5.8.23
48 verbose addNamed "5.8.23" is a plain semver version for babel
49 silly cache afterAdd babel@5.8.23
50 verbose afterAdd /Users/kasi/.npm/babel/5.8.23/package/package.json not in flight; writing
51 verbose afterAdd /Users/kasi/.npm/babel/5.8.23/package/package.json written
52 verbose stack Error: Registry returned 404 for GET on https://registry.npmjs.org/babel-gulp
52 verbose stack     at CachingRegistryClient.<anonymous> (/usr/local/lib/node_modules/npm/node_modules/npm-registry-client/lib/request.js:239:14)
52 verbose stack     at Request._callback (/usr/local/lib/node_modules/npm/node_modules/npm-registry-client/lib/request.js:170:14)
52 verbose stack     at Request.self.callback (/usr/local/lib/node_modules/npm/node_modules/request/request.js:197:22)
52 verbose stack     at Request.emit (events.js:110:17)
52 verbose stack     at Request.<anonymous> (/usr/local/lib/node_modules/npm/node_modules/request/request.js:1050:14)
52 verbose stack     at Request.emit (events.js:129:20)
52 verbose stack     at IncomingMessage.<anonymous> (/usr/local/lib/node_modules/npm/node_modules/request/request.js:996:12)
52 verbose stack     at IncomingMessage.emit (events.js:129:20)
52 verbose stack     at _stream_readable.js:908:16
52 verbose stack     at process._tickCallback (node.js:355:11)
53 verbose statusCode 404
54 verbose pkgid babel-gulp
55 verbose cwd /Users/kasi/DevLeague/misc/auto-company
56 error Darwin 14.5.0
57 error argv "node" "/usr/local/bin/npm" "i" "babel" "babel-gulp"
58 error node v0.12.7
59 error npm  v2.12.1
60 error code E404
61 error 404 Registry returned 404 for GET on https://registry.npmjs.org/babel-gulp
61 error 404
61 error 404 'babel-gulp' is not in the npm registry.
61 error 404 You should bug the author to publish it (or use the name yourself!)
61 error 404
61 error 404 Note that you can also install from a
61 error 404 tarball, folder, http url, or git url.
62 verbose exit [ 1, true ]
